<?xml version="1.0" encoding="UTF-8"?>
<coverage generated="1743176959262" clover="3.2.0">
  <project timestamp="1743176959262" name="All files">
    <metrics statements="57" coveredstatements="57" conditionals="28" coveredconditionals="28" methods="10" coveredmethods="10" elements="95" coveredelements="95" complexity="0" loc="57" ncloc="57" packages="2" files="3" classes="3"/>
    <package name="components">
      <metrics statements="40" coveredstatements="40" conditionals="24" coveredconditionals="24" methods="6" coveredmethods="6"/>
      <file name="RegistrationForm.tsx" path="C:\Users\Christophe\OneDrive\Bureau\Projet école\CI\form-ci\src\components\RegistrationForm.tsx">
        <metrics statements="37" coveredstatements="37" conditionals="24" coveredconditionals="24" methods="5" coveredmethods="5"/>
        <line num="1" count="1" type="stmt"/>
        <line num="2" count="1" type="stmt"/>
        <line num="3" count="1" type="stmt"/>
        <line num="18" count="1" type="stmt"/>
        <line num="19" count="34" type="stmt"/>
        <line num="28" count="34" type="stmt"/>
        <line num="29" count="34" type="stmt"/>
        <line num="31" count="34" type="stmt"/>
        <line num="32" count="24" type="stmt"/>
        <line num="33" count="24" type="stmt"/>
        <line num="36" count="34" type="stmt"/>
        <line num="37" count="108" type="stmt"/>
        <line num="40" count="34" type="stmt"/>
        <line num="41" count="4" type="stmt"/>
        <line num="42" count="4" type="stmt"/>
        <line num="44" count="4" type="cond" truecount="1" falsecount="0"/>
        <line num="45" count="2" type="stmt"/>
        <line num="47" count="4" type="cond" truecount="1" falsecount="0"/>
        <line num="48" count="2" type="stmt"/>
        <line num="50" count="4" type="cond" truecount="1" falsecount="0"/>
        <line num="51" count="2" type="stmt"/>
        <line num="53" count="4" type="cond" truecount="3" falsecount="0"/>
        <line num="54" count="2" type="stmt"/>
        <line num="56" count="4" type="cond" truecount="1" falsecount="0"/>
        <line num="57" count="2" type="stmt"/>
        <line num="59" count="4" type="cond" truecount="1" falsecount="0"/>
        <line num="60" count="2" type="stmt"/>
        <line num="63" count="4" type="cond" truecount="1" falsecount="0"/>
        <line num="64" count="2" type="stmt"/>
        <line num="65" count="2" type="stmt"/>
        <line num="66" count="2" type="stmt"/>
        <line num="69" count="2" type="stmt"/>
        <line num="70" count="2" type="stmt"/>
        <line num="72" count="2" type="stmt"/>
        <line num="80" count="2" type="stmt"/>
        <line num="83" count="34" type="stmt"/>
        <line num="142" count="1" type="stmt"/>
      </file>
      <file name="Toaster.tsx" path="C:\Users\Christophe\OneDrive\Bureau\Projet école\CI\form-ci\src\components\Toaster.tsx">
        <metrics statements="3" coveredstatements="3" conditionals="0" coveredconditionals="0" methods="1" coveredmethods="1"/>
        <line num="7" count="1" type="stmt"/>
        <line num="10" count="4" type="stmt"/>
        <line num="14" count="1" type="stmt"/>
      </file>
    </package>
    <package name="utils">
      <metrics statements="17" coveredstatements="17" conditionals="4" coveredconditionals="4" methods="4" coveredmethods="4"/>
      <file name="validation.ts" path="C:\Users\Christophe\OneDrive\Bureau\Projet école\CI\form-ci\src\utils\validation.ts">
        <metrics statements="17" coveredstatements="17" conditionals="4" coveredconditionals="4" methods="4" coveredmethods="4"/>
        <line num="2" count="2" type="stmt"/>
        <line num="3" count="11" type="stmt"/>
        <line num="4" count="11" type="stmt"/>
        <line num="5" count="11" type="stmt"/>
        <line num="6" count="11" type="stmt"/>
        <line num="7" count="11" type="cond" truecount="4" falsecount="0"/>
        <line num="8" count="2" type="stmt"/>
        <line num="10" count="11" type="stmt"/>
        <line num="13" count="2" type="stmt"/>
        <line num="14" count="6" type="stmt"/>
        <line num="15" count="6" type="stmt"/>
        <line num="18" count="2" type="stmt"/>
        <line num="20" count="6" type="stmt"/>
        <line num="21" count="6" type="stmt"/>
        <line num="24" count="2" type="stmt"/>
        <line num="26" count="21" type="stmt"/>
        <line num="27" count="21" type="stmt"/>
      </file>
    </package>
  </project>
</coverage>
