{"C:\\Users\\Christophe\\OneDrive\\Bureau\\Projet école\\CI\\form-ci\\src\\components\\RegistrationForm.tsx": {"path":"C:\\Users\\Christophe\\OneDrive\\Bureau\\Projet école\\CI\\form-ci\\src\\components\\RegistrationForm.tsx","statementMap":{"0":{"start":{"line":1,"column":0},"end":{"line":1,"column":57}},"1":{"start":{"line":2,"column":0},"end":{"line":2,"column":100}},"2":{"start":{"line":3,"column":0},"end":{"line":3,"column":32}},"3":{"start":{"line":18,"column":35},"end":{"line":140,"column":1}},"4":{"start":{"line":19,"column":34},"end":{"line":26,"column":4}},"5":{"start":{"line":28,"column":30},"end":{"line":28,"column":50}},"6":{"start":{"line":29,"column":32},"end":{"line":29,"column":106}},"7":{"start":{"line":31,"column":23},"end":{"line":34,"column":3}},"8":{"start":{"line":32,"column":4},"end":{"line":32,"column":66}},"9":{"start":{"line":33,"column":4},"end":{"line":33,"column":50}},"10":{"start":{"line":36,"column":25},"end":{"line":38,"column":3}},"11":{"start":{"line":37,"column":4},"end":{"line":37,"column":67}},"12":{"start":{"line":37,"column":48},"end":{"line":37,"column":65}},"13":{"start":{"line":40,"column":23},"end":{"line":81,"column":3}},"14":{"start":{"line":41,"column":4},"end":{"line":41,"column":23}},"15":{"start":{"line":42,"column":34},"end":{"line":42,"column":36}},"16":{"start":{"line":44,"column":4},"end":{"line":46,"column":5}},"17":{"start":{"line":45,"column":6},"end":{"line":45,"column":41}},"18":{"start":{"line":47,"column":4},"end":{"line":49,"column":5}},"19":{"start":{"line":48,"column":6},"end":{"line":48,"column":47}},"20":{"start":{"line":50,"column":4},"end":{"line":52,"column":5}},"21":{"start":{"line":51,"column":6},"end":{"line":51,"column":45}},"22":{"start":{"line":53,"column":4},"end":{"line":55,"column":5}},"23":{"start":{"line":54,"column":6},"end":{"line":54,"column":71}},"24":{"start":{"line":56,"column":4},"end":{"line":58,"column":5}},"25":{"start":{"line":57,"column":6},"end":{"line":57,"column":51}},"26":{"start":{"line":59,"column":4},"end":{"line":61,"column":5}},"27":{"start":{"line":60,"column":6},"end":{"line":60,"column":56}},"28":{"start":{"line":63,"column":4},"end":{"line":67,"column":5}},"29":{"start":{"line":64,"column":6},"end":{"line":64,"column":31}},"30":{"start":{"line":65,"column":6},"end":{"line":65,"column":74}},"31":{"start":{"line":66,"column":6},"end":{"line":66,"column":13}},"32":{"start":{"line":69,"column":4},"end":{"line":69,"column":71}},"33":{"start":{"line":70,"column":4},"end":{"line":70,"column":70}},"34":{"start":{"line":72,"column":4},"end":{"line":79,"column":7}},"35":{"start":{"line":80,"column":4},"end":{"line":80,"column":18}},"36":{"start":{"line":83,"column":2},"end":{"line":139,"column":4}},"37":{"start":{"line":142,"column":0},"end":{"line":142,"column":32}}},"fnMap":{"0":{"name":"(anonymous_0)","decl":{"start":{"line":18,"column":35},"end":{"line":18,"column":38}},"loc":{"start":{"line":18,"column":40},"end":{"line":140,"column":1}}},"1":{"name":"(anonymous_1)","decl":{"start":{"line":31,"column":23},"end":{"line":31,"column":24}},"loc":{"start":{"line":31,"column":60},"end":{"line":34,"column":3}}},"2":{"name":"(anonymous_2)","decl":{"start":{"line":36,"column":25},"end":{"line":36,"column":37}},"loc":{"start":{"line":36,"column":39},"end":{"line":38,"column":3}}},"3":{"name":"(anonymous_3)","decl":{"start":{"line":37,"column":41},"end":{"line":37,"column":44}},"loc":{"start":{"line":37,"column":48},"end":{"line":37,"column":65}}},"4":{"name":"(anonymous_4)","decl":{"start":{"line":40,"column":23},"end":{"line":40,"column":24}},"loc":{"start":{"line":40,"column":57},"end":{"line":81,"column":3}}}},"branchMap":{"0":{"loc":{"start":{"line":44,"column":4},"end":{"line":46,"column":5}},"type":"if","locations":[{"start":{"line":44,"column":4},"end":{"line":46,"column":5}}]},"1":{"loc":{"start":{"line":47,"column":4},"end":{"line":49,"column":5}},"type":"if","locations":[{"start":{"line":47,"column":4},"end":{"line":49,"column":5}}]},"2":{"loc":{"start":{"line":50,"column":4},"end":{"line":52,"column":5}},"type":"if","locations":[{"start":{"line":50,"column":4},"end":{"line":52,"column":5}}]},"3":{"loc":{"start":{"line":53,"column":4},"end":{"line":55,"column":5}},"type":"if","locations":[{"start":{"line":53,"column":4},"end":{"line":55,"column":5}}]},"4":{"loc":{"start":{"line":53,"column":8},"end":{"line":53,"column":76}},"type":"binary-expr","locations":[{"start":{"line":53,"column":8},"end":{"line":53,"column":31}},{"start":{"line":53,"column":35},"end":{"line":53,"column":76}}]},"5":{"loc":{"start":{"line":56,"column":4},"end":{"line":58,"column":5}},"type":"if","locations":[{"start":{"line":56,"column":4},"end":{"line":58,"column":5}}]},"6":{"loc":{"start":{"line":59,"column":4},"end":{"line":61,"column":5}},"type":"if","locations":[{"start":{"line":59,"column":4},"end":{"line":61,"column":5}}]},"7":{"loc":{"start":{"line":63,"column":4},"end":{"line":67,"column":5}},"type":"if","locations":[{"start":{"line":63,"column":4},"end":{"line":67,"column":5}}]},"8":{"loc":{"start":{"line":85,"column":7},"end":{"line":88,"column":null}},"type":"binary-expr","locations":[{"start":{"line":85,"column":7},"end":{"line":85,"column":22}},{"start":{"line":85,"column":26},"end":{"line":85,"column":38}},{"start":{"line":86,"column":8},"end":{"line":87,"column":null}}]},"9":{"loc":{"start":{"line":95,"column":11},"end":{"line":95,"column":73}},"type":"binary-expr","locations":[{"start":{"line":95,"column":11},"end":{"line":95,"column":21}},{"start":{"line":95,"column":25},"end":{"line":95,"column":73}}]},"10":{"loc":{"start":{"line":101,"column":11},"end":{"line":101,"column":79}},"type":"binary-expr","locations":[{"start":{"line":101,"column":11},"end":{"line":101,"column":24}},{"start":{"line":101,"column":28},"end":{"line":101,"column":79}}]},"11":{"loc":{"start":{"line":107,"column":11},"end":{"line":107,"column":77}},"type":"binary-expr","locations":[{"start":{"line":107,"column":11},"end":{"line":107,"column":23}},{"start":{"line":107,"column":27},"end":{"line":107,"column":77}}]},"12":{"loc":{"start":{"line":119,"column":11},"end":{"line":119,"column":93}},"type":"binary-expr","locations":[{"start":{"line":119,"column":11},"end":{"line":119,"column":31}},{"start":{"line":119,"column":35},"end":{"line":119,"column":93}}]},"13":{"loc":{"start":{"line":125,"column":11},"end":{"line":125,"column":77}},"type":"binary-expr","locations":[{"start":{"line":125,"column":11},"end":{"line":125,"column":23}},{"start":{"line":125,"column":27},"end":{"line":125,"column":77}}]},"14":{"loc":{"start":{"line":131,"column":11},"end":{"line":131,"column":87}},"type":"binary-expr","locations":[{"start":{"line":131,"column":11},"end":{"line":131,"column":28}},{"start":{"line":131,"column":32},"end":{"line":131,"column":87}}]}},"s":{"0":1,"1":1,"2":1,"3":1,"4":34,"5":34,"6":34,"7":34,"8":24,"9":24,"10":34,"11":34,"12":108,"13":34,"14":4,"15":4,"16":4,"17":2,"18":4,"19":2,"20":4,"21":2,"22":4,"23":2,"24":4,"25":2,"26":4,"27":2,"28":4,"29":2,"30":2,"31":2,"32":2,"33":2,"34":2,"35":2,"36":34,"37":1},"f":{"0":34,"1":24,"2":34,"3":108,"4":4},"b":{"0":[2],"1":[2],"2":[2],"3":[2],"4":[4,3],"5":[2],"6":[2],"7":[2],"8":[34,4,4],"9":[34,2],"10":[34,2],"11":[34,2],"12":[34,2],"13":[34,2],"14":[34,2]}}
,"C:\\Users\\Christophe\\OneDrive\\Bureau\\Projet école\\CI\\form-ci\\src\\components\\Toaster.tsx": {"path":"C:\\Users\\Christophe\\OneDrive\\Bureau\\Projet école\\CI\\form-ci\\src\\components\\Toaster.tsx","statementMap":{"0":{"start":{"line":7,"column":40},"end":{"line":11,"column":1}},"1":{"start":{"line":10,"column":2},"end":{"line":10,"column":30}},"2":{"start":{"line":14,"column":0},"end":{"line":14,"column":23}}},"fnMap":{"0":{"name":"(anonymous_0)","decl":{"start":{"line":7,"column":40},"end":{"line":7,"column":41}},"loc":{"start":{"line":7,"column":56},"end":{"line":11,"column":1}}}},"branchMap":{},"s":{"0":1,"1":4,"2":1},"f":{"0":4},"b":{}}
,"C:\\Users\\Christophe\\OneDrive\\Bureau\\Projet école\\CI\\form-ci\\src\\utils\\validation.ts": {"path":"C:\\Users\\Christophe\\OneDrive\\Bureau\\Projet école\\CI\\form-ci\\src\\utils\\validation.ts","statementMap":{"0":{"start":{"line":2,"column":28},"end":{"line":11,"column":3}},"1":{"start":{"line":3,"column":22},"end":{"line":3,"column":45}},"2":{"start":{"line":4,"column":18},"end":{"line":4,"column":28}},"3":{"start":{"line":5,"column":14},"end":{"line":5,"column":59}},"4":{"start":{"line":6,"column":14},"end":{"line":6,"column":53}},"5":{"start":{"line":7,"column":4},"end":{"line":9,"column":5}},"6":{"start":{"line":8,"column":6},"end":{"line":8,"column":12}},"7":{"start":{"line":10,"column":4},"end":{"line":10,"column":15}},"8":{"start":{"line":2,"column":13},"end":{"line":2,"column":28}},"9":{"start":{"line":13,"column":31},"end":{"line":16,"column":3}},"10":{"start":{"line":14,"column":15},"end":{"line":14,"column":43}},"11":{"start":{"line":15,"column":4},"end":{"line":15,"column":26}},"12":{"start":{"line":13,"column":15},"end":{"line":13,"column":31}},"13":{"start":{"line":18,"column":36},"end":{"line":22,"column":3}},"14":{"start":{"line":20,"column":15},"end":{"line":20,"column":24}},"15":{"start":{"line":21,"column":4},"end":{"line":21,"column":31}},"16":{"start":{"line":18,"column":15},"end":{"line":18,"column":36}},"17":{"start":{"line":24,"column":30},"end":{"line":28,"column":3}},"18":{"start":{"line":26,"column":15},"end":{"line":26,"column":40}},"19":{"start":{"line":27,"column":4},"end":{"line":27,"column":25}},"20":{"start":{"line":24,"column":15},"end":{"line":24,"column":30}}},"fnMap":{"0":{"name":"(anonymous_0)","decl":{"start":{"line":2,"column":28},"end":{"line":2,"column":29}},"loc":{"start":{"line":2,"column":62},"end":{"line":11,"column":3}}},"1":{"name":"(anonymous_1)","decl":{"start":{"line":13,"column":31},"end":{"line":13,"column":32}},"loc":{"start":{"line":13,"column":58},"end":{"line":16,"column":3}}},"2":{"name":"(anonymous_2)","decl":{"start":{"line":18,"column":36},"end":{"line":18,"column":37}},"loc":{"start":{"line":18,"column":68},"end":{"line":22,"column":3}}},"3":{"name":"(anonymous_3)","decl":{"start":{"line":24,"column":30},"end":{"line":24,"column":31}},"loc":{"start":{"line":24,"column":56},"end":{"line":28,"column":3}}}},"branchMap":{"0":{"loc":{"start":{"line":7,"column":4},"end":{"line":9,"column":5}},"type":"if","locations":[{"start":{"line":7,"column":4},"end":{"line":9,"column":5}}]},"1":{"loc":{"start":{"line":7,"column":8},"end":{"line":7,"column":67}},"type":"binary-expr","locations":[{"start":{"line":7,"column":8},"end":{"line":7,"column":13}},{"start":{"line":7,"column":18},"end":{"line":7,"column":25}},{"start":{"line":7,"column":29},"end":{"line":7,"column":66}}]}},"s":{"0":2,"1":11,"2":11,"3":11,"4":11,"5":11,"6":2,"7":11,"8":2,"9":2,"10":6,"11":6,"12":2,"13":2,"14":6,"15":6,"16":2,"17":2,"18":21,"19":21,"20":2},"f":{"0":11,"1":6,"2":6,"3":21},"b":{"0":[2],"1":[11,10,9]}}
}
