TN:
SF:src\components\RegistrationForm.tsx
FN:18,(anonymous_0)
FN:31,(anonymous_1)
FN:36,(anonymous_2)
FN:37,(anonymous_3)
FN:40,(anonymous_4)
FNF:5
FNH:5
FNDA:34,(anonymous_0)
FNDA:24,(anonymous_1)
FNDA:34,(anonymous_2)
FNDA:108,(anonymous_3)
FNDA:4,(anonymous_4)
DA:1,1
DA:2,1
DA:3,1
DA:18,1
DA:19,34
DA:28,34
DA:29,34
DA:31,34
DA:32,24
DA:33,24
DA:36,34
DA:37,108
DA:40,34
DA:41,4
DA:42,4
DA:44,4
DA:45,2
DA:47,4
DA:48,2
DA:50,4
DA:51,2
DA:53,4
DA:54,2
DA:56,4
DA:57,2
DA:59,4
DA:60,2
DA:63,4
DA:64,2
DA:65,2
DA:66,2
DA:69,2
DA:70,2
DA:72,2
DA:80,2
DA:83,34
DA:142,1
LF:37
LH:37
BRDA:44,0,0,2
BRDA:47,1,0,2
BRDA:50,2,0,2
BRDA:53,3,0,2
BRDA:53,4,0,4
BRDA:53,4,1,3
BRDA:56,5,0,2
BRDA:59,6,0,2
BRDA:63,7,0,2
BRDA:85,8,0,34
BRDA:85,8,1,4
BRDA:85,8,2,4
BRDA:95,9,0,34
BRDA:95,9,1,2
BRDA:101,10,0,34
BRDA:101,10,1,2
BRDA:107,11,0,34
BRDA:107,11,1,2
BRDA:119,12,0,34
BRDA:119,12,1,2
BRDA:125,13,0,34
BRDA:125,13,1,2
BRDA:131,14,0,34
BRDA:131,14,1,2
BRF:24
BRH:24
end_of_record
TN:
SF:src\components\Toaster.tsx
FN:7,(anonymous_0)
FNF:1
FNH:1
FNDA:4,(anonymous_0)
DA:7,1
DA:10,4
DA:14,1
LF:3
LH:3
BRF:0
BRH:0
end_of_record
TN:
SF:src\utils\validation.ts
FN:2,(anonymous_0)
FN:13,(anonymous_1)
FN:18,(anonymous_2)
FN:24,(anonymous_3)
FNF:4
FNH:4
FNDA:11,(anonymous_0)
FNDA:6,(anonymous_1)
FNDA:6,(anonymous_2)
FNDA:21,(anonymous_3)
DA:2,2
DA:3,11
DA:4,11
DA:5,11
DA:6,11
DA:7,11
DA:8,2
DA:10,11
DA:13,2
DA:14,6
DA:15,6
DA:18,2
DA:20,6
DA:21,6
DA:24,2
DA:26,21
DA:27,21
LF:17
LH:17
BRDA:7,0,0,2
BRDA:7,1,0,11
BRDA:7,1,1,10
BRDA:7,1,2,9
BRF:4
BRH:4
end_of_record
